<?xml version="1.0" encoding="UTF-8"?>
<!-- Generated by org.testng.reporters.JUnitReportReporter -->
<testsuite hostname="ANURAG24" failures="0" tests="4" name="testing.Priority" time="0.030" errors="0" timestamp="26 Dec 2020 15:41:34 GMT" skipped="0">
  <testcase classname="testing.Priority" name="philadelphia" time="0.021"/>
  <testcase classname="testing.Priority" name="noida" time="0.003"/>
  <testcase classname="testing.Priority" name="boston" time="0.002"/>
  <testcase classname="testing.Priority" name="seatle" time="0.004"/>
</testsuite> <!-- testing.Priority -->
