<?xml version="1.0" encoding="UTF-8"?>
<!-- Generated by org.testng.reporters.JUnitReportReporter -->
<testsuite hostname="ANURAG24" failures="0" tests="3" name="testing.MultipleTestingMethod" time="0.046" errors="0" timestamp="26 Dec 2020 15:29:22 GMT" skipped="0">
  <testcase classname="testing.MultipleTestingMethod" name="seatle" time="0.007"/>
  <testcase classname="testing.MultipleTestingMethod" name="boston" time="0.028"/>
  <testcase classname="testing.MultipleTestingMethod" name="philadelphia" time="0.011"/>
</testsuite> <!-- testing.MultipleTestingMethod -->
