<?xml version="1.0" encoding="UTF-8"?>
<!-- Generated by org.testng.reporters.JUnitReportReporter -->
<testsuite hostname="ANURAG24" failures="0" tests="1" name="test.TestActitimeCreateCustomer" time="56.566" errors="0" timestamp="14 Jan 2021 04:29:17 GMT" skipped="0">
  <testcase classname="test.TestActitimeCreateCustomer" name="customer" time="56.566"/>
</testsuite> <!-- test.TestActitimeCreateCustomer -->
