<?xml version="1.0" encoding="UTF-8"?>
<!-- Generated by org.testng.reporters.JUnitReportReporter -->
<testsuite hostname="ANURAG24" failures="0" tests="9" name="testing.InvocationCount" time="0.069" errors="0" timestamp="26 Dec 2020 16:32:07 GMT" skipped="0">
  <testcase classname="testing.InvocationCount" name="boston" time="0.005"/>
  <testcase classname="testing.InvocationCount" name="noida" time="0.006"/>
  <testcase classname="testing.InvocationCount" name="noida" time="0.004"/>
  <testcase classname="testing.InvocationCount" name="noida" time="0.008"/>
  <testcase classname="testing.InvocationCount" name="noida" time="0.003"/>
  <testcase classname="testing.InvocationCount" name="boston" time="0.006"/>
  <testcase classname="testing.InvocationCount" name="mumbai" time="0.007"/>
  <testcase classname="testing.InvocationCount" name="mumbai" time="0.007"/>
  <testcase classname="testing.InvocationCount" name="boston" time="0.023"/>
</testsuite> <!-- testing.InvocationCount -->
