<?xml version="1.0" encoding="UTF-8"?>
<!-- Generated by org.testng.reporters.JUnitReportReporter -->
<testsuite hostname="ANURAG24" failures="0" tests="6" name="testing.PriorityInvocationCount" time="0.046" errors="0" timestamp="26 Dec 2020 16:34:49 GMT" skipped="0">
  <testcase classname="testing.PriorityInvocationCount" name="philadelphia" time="0.003"/>
  <testcase classname="testing.PriorityInvocationCount" name="philadelphia" time="0.023"/>
  <testcase classname="testing.PriorityInvocationCount" name="noida" time="0.006"/>
  <testcase classname="testing.PriorityInvocationCount" name="noida" time="0.005"/>
  <testcase classname="testing.PriorityInvocationCount" name="noida" time="0.004"/>
  <testcase classname="testing.PriorityInvocationCount" name="boston" time="0.005"/>
</testsuite> <!-- testing.PriorityInvocationCount -->
