<?xml version="1.0" encoding="UTF-8"?>
<!-- Generated by org.testng.reporters.JUnitReportReporter -->
<testsuite hostname="ANURAG24" failures="0" tests="3" name="testing.TestNGAnnotations" time="0.027" errors="0" timestamp="13 Jan 2021 05:13:29 GMT" skipped="0">
  <testcase classname="testing.TestNGAnnotations" name="philadelphia" time="0.007"/>
  <testcase classname="testing.TestNGAnnotations" name="seatle" time="0.006"/>
  <testcase classname="testing.TestNGAnnotations" name="boston" time="0.014"/>
</testsuite> <!-- testing.TestNGAnnotations -->
